Change Component Footprint: Designator=R1 Old Footprint=R0402 New Footprint=RESC0805(2012)_M
Change Component Footprint: Designator=R2 Old Footprint=R0402 New Footprint=RESC0805(2012)_M
Change component parameters: Designator = "C0"; Footprint = "CAP_UC_SMD"; UniqueID = "\PTNGJGHT"
Change component parameters. Clean all parameters for all variants
Change component parameters (AddParameter): Name = "Value"; Value = "680uF"; VariantName = "[No Variations]"
Change component parameters (AddParameter): Name = "Voltage"; Value = "50V"; VariantName = "[No Variations]"
Added Component: Designator=C7(CAP_UC_SMD)
Add component. Clean all parameters for all variants
Add component (AddParameter): Name = "Value"; Value = "47uF"; VariantName = "[No Variations]"
Add component (AddParameter): Name = "Voltage"; Value = "50V"; VariantName = "[No Variations]"
Added Component: Designator=J?(ICSP)
Add component. Clean all parameters for all variants
Added Pin To Net: NetName=NetC0_1 Pin=C7-1
Added Pin To Net: NetName=GND Pin=C7-2
Added Pin To Net: NetName=VCC Pin=J?-2
Added Pin To Net: NetName=R\S\T\ Pin=J?-5
Added Pin To Net: NetName=GND Pin=J?-6
Added Pin To Net: NetName=MISO Pin=J?-1
Added Pin To Net: NetName=MISO Pin=U1-2
Added Net: Name=MISO
Added Pin To Net: NetName=MOSI Pin=J?-4
Added Pin To Net: NetName=MOSI Pin=U1-1
Added Net: Name=MOSI
Added Pin To Net: NetName=SCK Pin=J?-3
Added Pin To Net: NetName=SCK Pin=U1-3
Added Net: Name=SCK
Added Member To Class: ClassName=PowerBoard Member=Component C7 CAP_UC
Added Member To Class: ClassName=PowerBoard Member=Component J? ICSP
Added Member To Class: ClassName=PowerBoard Member=Component L1 82uH
