Removed Pin From Net: NetName=VCC Pin=C3-1
Removed Pin From Net: NetName=GND Pin=C3-2
Removed Pin From Net: NetName=VCC Pin=C4-1
Removed Pin From Net: NetName=GND Pin=C4-2
Removed Pin From Net: NetName=GND Pin=C5-2
Removed Pin From Net: NetName=GND Pin=C6-2
Removed Pin From Net: NetName=VCC Pin=J?-2
Removed Pin From Net: NetName=GND Pin=J?-6
Removed Pin From Net: NetName=VCC Pin=R1-1
Removed Pin From Net: NetName=VCC Pin=U1-5
Removed Pin From Net: NetName=GND Pin=U1-6
Removed Pin From Net: NetName=VCC Pin=U1-17
Removed Pin From Net: NetName=GND Pin=U1-18
Removed Pin From Net: NetName=VCC Pin=U1-27
Removed Pin From Net: NetName=GND Pin=U1-28
Removed Pin From Net: NetName=VCC Pin=U1-38
Removed Pin From Net: NetName=GND Pin=U1-39
Removed Member From Class: ClassName=PowerBoard Member=C3
Removed Member From Class: ClassName=PowerBoard Member=C4
Removed Member From Class: ClassName=PowerBoard Member=C5
Removed Member From Class: ClassName=PowerBoard Member=C6
Removed Member From Class: ClassName=PowerBoard Member=J?
Removed Member From Class: ClassName=PowerBoard Member=R1
Removed Member From Class: ClassName=PowerBoard Member=R2
Removed Member From Class: ClassName=PowerBoard Member=U1
Removed Member From Class: ClassName=PowerBoard Member=Y1
